
=== Fri Sep 21 11:50:24 2018

Packages were changed.
Update Mode: updateDependencies

The following packages were added:
  com.unity.collab-proxy@1.2.9
The following packages were updated:
  com.unity.analytics from version 2.0.16 to 3.0.9
  com.unity.package-manager-ui from version 1.9.11 to 2.0.0-preview.7
  com.unity.textmeshpro from version 1.2.4 to 1.3.0

=== Tue Oct 23 16:09:20 2018

Packages were changed.
Update Mode: updateDependencies

The following packages were updated:
  com.unity.package-manager-ui from version 2.0.0-preview.7 to 2.0.1

=== Wed Oct 24 14:23:50 2018

Packages were changed.
Update Mode: updateDependencies

The following packages were updated:
  com.unity.collab-proxy from version 1.2.9 to 1.2.11

=== Sun Nov 18 20:01:00 2018

Packages were changed.
Update Mode: updateDependencies

The following packages were updated:
  com.unity.package-manager-ui from version 2.0.2 to 2.0.3

=== Mon May 13 19:51:09 2019

Packages were changed.
Update Mode: updateDependencies

The following packages were added:
  com.unity.timeline@1.0.0
  com.unity.modules.animation@1.0.0
  com.unity.modules.director@1.0.0
  com.unity.modules.xr@1.0.0
  com.unity.multiplayer-hlapi@1.0.2
  com.unity.xr.legacyinputhelpers@2.0.2
The following packages were updated:
  com.unity.analytics from version 3.0.9 to 3.3.2
  com.unity.collab-proxy from version 1.2.11 to 1.2.16
  com.unity.package-manager-ui from version 2.0.3 to 2.1.2
  com.unity.purchasing from version 2.0.3 to 2.0.6
  com.unity.textmeshpro from version 1.3.0 to 2.0.0
